<?xml version="1.0" encoding="UTF-8"?>
<coverage generated="1563916618997" clover="3.2.0">
  <project timestamp="1563916618997" name="All files">
    <metrics statements="29" coveredstatements="29" conditionals="10" coveredconditionals="10" methods="15" coveredmethods="15" elements="54" coveredelements="54" complexity="0" loc="29" ncloc="29" packages="1" files="1" classes="1"/>
    <file name="index.js" path="/Users/spglancy/dev/school/few2.1/strlib/index.js">
      <metrics statements="29" coveredstatements="29" conditionals="10" coveredconditionals="10" methods="15" coveredmethods="15"/>
      <line num="1" count="1" type="stmt"/>
      <line num="2" count="6" type="stmt"/>
      <line num="5" count="1" type="stmt"/>
      <line num="6" count="6" type="stmt"/>
      <line num="7" count="13" type="stmt"/>
      <line num="11" count="1" type="stmt"/>
      <line num="12" count="3" type="stmt"/>
      <line num="13" count="11" type="cond" truecount="2" falsecount="0"/>
      <line num="17" count="1" type="stmt"/>
      <line num="18" count="3" type="stmt"/>
      <line num="19" count="11" type="cond" truecount="2" falsecount="0"/>
      <line num="23" count="1" type="stmt"/>
      <line num="24" count="3" type="stmt"/>
      <line num="25" count="23" type="cond" truecount="2" falsecount="0"/>
      <line num="29" count="1" type="stmt"/>
      <line num="30" count="12" type="stmt"/>
      <line num="31" count="114" type="cond" truecount="4" falsecount="0"/>
      <line num="36" count="1" type="stmt"/>
      <line num="37" count="3" type="stmt"/>
      <line num="43" count="1" type="stmt"/>
      <line num="44" count="3" type="stmt"/>
      <line num="50" count="1" type="stmt"/>
      <line num="51" count="3" type="stmt"/>
      <line num="59" count="1" type="stmt"/>
      <line num="60" count="4" type="stmt"/>
      <line num="61" count="4" type="stmt"/>
      <line num="62" count="29" type="stmt"/>
      <line num="63" count="29" type="stmt"/>
      <line num="65" count="4" type="stmt"/>
    </file>
  </project>
</coverage>
