{"/Users/spglancy/dev/school/few2.1/strlib/index.js": {"path":"/Users/spglancy/dev/school/few2.1/strlib/index.js","statementMap":{"0":{"start":{"line":1,"column":0},"end":{"line":3,"column":2}},"1":{"start":{"line":2,"column":2},"end":{"line":2,"column":60}},"2":{"start":{"line":5,"column":0},"end":{"line":9,"column":2}},"3":{"start":{"line":6,"column":2},"end":{"line":8,"column":15}},"4":{"start":{"line":7,"column":17},"end":{"line":7,"column":67}},"5":{"start":{"line":11,"column":0},"end":{"line":15,"column":2}},"6":{"start":{"line":12,"column":2},"end":{"line":14,"column":14}},"7":{"start":{"line":13,"column":25},"end":{"line":13,"column":68}},"8":{"start":{"line":17,"column":0},"end":{"line":21,"column":2}},"9":{"start":{"line":18,"column":2},"end":{"line":20,"column":14}},"10":{"start":{"line":19,"column":25},"end":{"line":19,"column":68}},"11":{"start":{"line":23,"column":0},"end":{"line":27,"column":2}},"12":{"start":{"line":24,"column":2},"end":{"line":26,"column":14}},"13":{"start":{"line":25,"column":20},"end":{"line":25,"column":48}},"14":{"start":{"line":29,"column":0},"end":{"line":34,"column":2}},"15":{"start":{"line":30,"column":2},"end":{"line":33,"column":12}},"16":{"start":{"line":31,"column":25},"end":{"line":31,"column":76}},"17":{"start":{"line":36,"column":0},"end":{"line":41,"column":2}},"18":{"start":{"line":37,"column":2},"end":{"line":40,"column":19}},"19":{"start":{"line":43,"column":0},"end":{"line":48,"column":2}},"20":{"start":{"line":44,"column":2},"end":{"line":47,"column":19}},"21":{"start":{"line":50,"column":0},"end":{"line":57,"column":2}},"22":{"start":{"line":51,"column":2},"end":{"line":56,"column":13}},"23":{"start":{"line":59,"column":0},"end":{"line":68,"column":2}},"24":{"start":{"line":60,"column":17},"end":{"line":60,"column":19}},"25":{"start":{"line":61,"column":2},"end":{"line":66,"column":3}},"26":{"start":{"line":62,"column":17},"end":{"line":62,"column":35}},"27":{"start":{"line":63,"column":4},"end":{"line":65,"column":5}},"28":{"start":{"line":64,"column":6},"end":{"line":64,"column":51}},"29":{"start":{"line":67,"column":2},"end":{"line":67,"column":25}}},"fnMap":{"0":{"name":"(anonymous_0)","decl":{"start":{"line":1,"column":25},"end":{"line":1,"column":26}},"loc":{"start":{"line":1,"column":37},"end":{"line":3,"column":1}},"line":1},"1":{"name":"(anonymous_1)","decl":{"start":{"line":5,"column":38},"end":{"line":5,"column":39}},"loc":{"start":{"line":5,"column":50},"end":{"line":9,"column":1}},"line":5},"2":{"name":"(anonymous_2)","decl":{"start":{"line":7,"column":9},"end":{"line":7,"column":10}},"loc":{"start":{"line":7,"column":17},"end":{"line":7,"column":67}},"line":7},"3":{"name":"(anonymous_3)","decl":{"start":{"line":11,"column":28},"end":{"line":11,"column":29}},"loc":{"start":{"line":11,"column":40},"end":{"line":15,"column":1}},"line":11},"4":{"name":"(anonymous_4)","decl":{"start":{"line":13,"column":9},"end":{"line":13,"column":10}},"loc":{"start":{"line":13,"column":25},"end":{"line":13,"column":68}},"line":13},"5":{"name":"(anonymous_5)","decl":{"start":{"line":17,"column":27},"end":{"line":17,"column":28}},"loc":{"start":{"line":17,"column":39},"end":{"line":21,"column":1}},"line":17},"6":{"name":"(anonymous_6)","decl":{"start":{"line":19,"column":9},"end":{"line":19,"column":10}},"loc":{"start":{"line":19,"column":25},"end":{"line":19,"column":68}},"line":19},"7":{"name":"(anonymous_7)","decl":{"start":{"line":23,"column":36},"end":{"line":23,"column":37}},"loc":{"start":{"line":23,"column":48},"end":{"line":27,"column":1}},"line":23},"8":{"name":"(anonymous_8)","decl":{"start":{"line":25,"column":9},"end":{"line":25,"column":10}},"loc":{"start":{"line":25,"column":20},"end":{"line":25,"column":48}},"line":25},"9":{"name":"(anonymous_9)","decl":{"start":{"line":29,"column":41},"end":{"line":29,"column":42}},"loc":{"start":{"line":29,"column":53},"end":{"line":34,"column":1}},"line":29},"10":{"name":"(anonymous_10)","decl":{"start":{"line":31,"column":9},"end":{"line":31,"column":10}},"loc":{"start":{"line":31,"column":25},"end":{"line":31,"column":76}},"line":31},"11":{"name":"(anonymous_11)","decl":{"start":{"line":36,"column":29},"end":{"line":36,"column":30}},"loc":{"start":{"line":36,"column":41},"end":{"line":41,"column":1}},"line":36},"12":{"name":"(anonymous_12)","decl":{"start":{"line":43,"column":29},"end":{"line":43,"column":30}},"loc":{"start":{"line":43,"column":41},"end":{"line":48,"column":1}},"line":43},"13":{"name":"(anonymous_13)","decl":{"start":{"line":50,"column":29},"end":{"line":50,"column":30}},"loc":{"start":{"line":50,"column":41},"end":{"line":57,"column":1}},"line":50},"14":{"name":"(anonymous_14)","decl":{"start":{"line":59,"column":30},"end":{"line":59,"column":31}},"loc":{"start":{"line":59,"column":45},"end":{"line":68,"column":1}},"line":59}},"branchMap":{"0":{"loc":{"start":{"line":13,"column":25},"end":{"line":13,"column":68}},"type":"cond-expr","locations":[{"start":{"line":13,"column":39},"end":{"line":13,"column":59}},{"start":{"line":13,"column":62},"end":{"line":13,"column":68}}],"line":13},"1":{"loc":{"start":{"line":19,"column":25},"end":{"line":19,"column":68}},"type":"cond-expr","locations":[{"start":{"line":19,"column":39},"end":{"line":19,"column":59}},{"start":{"line":19,"column":62},"end":{"line":19,"column":68}}],"line":19},"2":{"loc":{"start":{"line":25,"column":20},"end":{"line":25,"column":48}},"type":"cond-expr","locations":[{"start":{"line":25,"column":37},"end":{"line":25,"column":39}},{"start":{"line":25,"column":42},"end":{"line":25,"column":48}}],"line":25},"3":{"loc":{"start":{"line":31,"column":25},"end":{"line":31,"column":76}},"type":"cond-expr","locations":[{"start":{"line":31,"column":65},"end":{"line":31,"column":67}},{"start":{"line":31,"column":70},"end":{"line":31,"column":76}}],"line":31},"4":{"loc":{"start":{"line":31,"column":25},"end":{"line":31,"column":62}},"type":"binary-expr","locations":[{"start":{"line":31,"column":25},"end":{"line":31,"column":44}},{"start":{"line":31,"column":48},"end":{"line":31,"column":62}}],"line":31},"5":{"loc":{"start":{"line":63,"column":4},"end":{"line":65,"column":5}},"type":"if","locations":[{"start":{"line":63,"column":4},"end":{"line":65,"column":5}},{"start":{"line":63,"column":4},"end":{"line":65,"column":5}}],"line":63}},"s":{"0":1,"1":6,"2":1,"3":6,"4":13,"5":1,"6":3,"7":11,"8":1,"9":3,"10":11,"11":1,"12":3,"13":23,"14":1,"15":12,"16":114,"17":1,"18":3,"19":1,"20":3,"21":1,"22":3,"23":1,"24":3,"25":3,"26":19,"27":19,"28":19,"29":3},"f":{"0":6,"1":6,"2":13,"3":3,"4":11,"5":3,"6":11,"7":3,"8":23,"9":12,"10":114,"11":3,"12":3,"13":3,"14":3},"b":{"0":[6,5],"1":[5,6],"2":[15,8],"3":[10,104],"4":[114,22],"5":[19,0]},"_coverageSchema":"43e27e138ebf9cfc5966b082cf9a028302ed4184","hash":"5b3a1767471d095391dcc7db50bcf6e31c4fc4fc"}
}
