TN:
SF:/Users/spglancy/dev/school/few2.1/strlib/index.js
FN:1,(anonymous_0)
FN:5,(anonymous_1)
FN:7,(anonymous_2)
FN:11,(anonymous_3)
FN:13,(anonymous_4)
FN:17,(anonymous_5)
FN:19,(anonymous_6)
FN:23,(anonymous_7)
FN:25,(anonymous_8)
FN:29,(anonymous_9)
FN:31,(anonymous_10)
FN:36,(anonymous_11)
FN:43,(anonymous_12)
FN:50,(anonymous_13)
FN:59,(anonymous_14)
FNF:15
FNH:15
FNDA:6,(anonymous_0)
FNDA:6,(anonymous_1)
FNDA:13,(anonymous_2)
FNDA:3,(anonymous_3)
FNDA:11,(anonymous_4)
FNDA:3,(anonymous_5)
FNDA:11,(anonymous_6)
FNDA:3,(anonymous_7)
FNDA:23,(anonymous_8)
FNDA:12,(anonymous_9)
FNDA:114,(anonymous_10)
FNDA:3,(anonymous_11)
FNDA:3,(anonymous_12)
FNDA:3,(anonymous_13)
FNDA:3,(anonymous_14)
DA:1,1
DA:2,6
DA:5,1
DA:6,6
DA:7,13
DA:11,1
DA:12,3
DA:13,11
DA:17,1
DA:18,3
DA:19,11
DA:23,1
DA:24,3
DA:25,23
DA:29,1
DA:30,12
DA:31,114
DA:36,1
DA:37,3
DA:43,1
DA:44,3
DA:50,1
DA:51,3
DA:59,1
DA:60,3
DA:61,3
DA:62,19
DA:63,19
DA:64,19
DA:67,3
LF:30
LH:30
BRDA:13,0,0,6
BRDA:13,0,1,5
BRDA:19,1,0,5
BRDA:19,1,1,6
BRDA:25,2,0,15
BRDA:25,2,1,8
BRDA:31,3,0,10
BRDA:31,3,1,104
BRDA:31,4,0,114
BRDA:31,4,1,22
BRDA:63,5,0,19
BRDA:63,5,1,0
BRF:12
BRH:11
end_of_record
